<?xml version="1.0" encoding="UTF-8"?>
<!-- Generated by org.testng.reporters.JUnitReportReporter -->
<testsuite hostname="omar" failures="0" tests="1" name="selenumepackage.Autoamtinnprocikt.login_test" time="0.047" errors="0" timestamp="2025-05-07T21:59:17 EEST" skipped="0">
  <testcase classname="selenumepackage.Autoamtinnprocikt.login_test" name="f" time="0.047"/>
</testsuite> <!-- selenumepackage.Autoamtinnprocikt.login_test -->
